Base path: C:/Program Files (x86)/Unity/Editor/Data
Pipe name: \\.\pipe\UnityShaderCompiler-4-5396
Cmd: getPlatforms
Cmd: compileSnippet
  api=4 type=1 insize=10613 outsize=9269 kw= ok=1
Cmd: compileSnippet
  api=0 type=0 insize=1797 outsize=425 kw= ok=1
Cmd: compileSnippet
  api=0 type=1 insize=1797 outsize=4830 kw= ok=1
Cmd: compileSnippet
  api=4 type=1 insize=2061 outsize=20132 kw= ok=1
Cmd: compileSnippet
  api=4 type=0 insize=2840 outsize=1071 kw= ok=1
Cmd: compileSnippet
  api=4 type=1 insize=2840 outsize=4012 kw= ok=1
Cmd: compileSnippet
  api=4 type=0 insize=1780 outsize=1347 kw= ok=1
Cmd: compileSnippet
  api=8 type=1 insize=1780 outsize=1512 kw= ok=1
Cmd: compileSnippet
  api=8 type=0 insize=1742 outsize=2446 kw= ok=1
Cmd: compileSnippet
  api=4 type=1 insize=4181 outsize=4297 kw= ok=1
Cmd: compileSnippet
  api=0 type=0 insize=4186 outsize=2952 kw= ok=1
Cmd: compileSnippet
  api=0 type=1 insize=4186 outsize=6 kw= ok=1
Cmd: compileSnippet
  api=8 type=0 insize=1556 outsize=2243 kw= ok=1
Cmd: compileSnippet
  api=8 type=1 insize=1556 outsize=2283 kw= ok=1
Cmd: compileSnippet
  api=4 type=0 insize=952 outsize=1274 kw= ok=1
Cmd: compileSnippet
  api=4 type=1 insize=952 outsize=811 kw= ok=1
Unhandled exception: Readfile from pipe failed. GLE=The pipe has been ended.


Quitting shader compiler process
