Base path: C:/Program Files (x86)/Unity/Editor/Data
Pipe name: \\.\pipe\UnityShaderCompiler-2-6336
Cmd: getPlatforms
Cmd: compileSnippet
  api=0 type=0 insize=10590 outsize=856 kw= ok=1
Cmd: compileSnippet
  api=4 type=1 insize=10590 outsize=1672 kw= ok=1
Cmd: compileSnippet
  api=4 type=0 insize=2061 outsize=1209 kw= ok=1
Cmd: compileSnippet
  api=4 type=0 insize=32665 outsize=990 kw= ok=1
Cmd: compileSnippet
  api=4 type=1 insize=1742 outsize=3248 kw= ok=1
Cmd: compileSnippet
  api=4 type=0 insize=32675 outsize=990 kw= ok=1
Cmd: compileSnippet
  api=4 type=1 insize=32675 outsize=10683 kw= ok=1
Cmd: compileSnippet
  api=4 type=0 insize=6848 outsize=1380 kw= ok=1
Cmd: compileSnippet
  api=8 type=0 insize=952 outsize=1812 kw= ok=1
Unhandled exception: Readfile from pipe failed. GLE=The pipe has been ended.


Quitting shader compiler process
